<?xml version="1.0" encoding="UTF-8"?>
<!-- Generated by org.testng.reporters.JUnitReportReporter -->
<testsuite skipped="0" hostname="DESKTOP-J7MD36G" name="TestCases.SeliniumTest" tests="2" failures="0" timestamp="2020-08-18T23:33:49 IST" time="20.224" errors="0">
  <testcase name="Test2" time="0.002" classname="TestCases.SeliniumTest"/>
  <system-out/>
  <testcase name="Test1" time="20.222" classname="TestCases.SeliniumTest"/>
  <system-out/>
</testsuite> <!-- TestCases.SeliniumTest -->
