<?xml version="1.0" encoding="UTF-8"?>
<!-- Generated by org.testng.reporters.JUnitReportReporter -->
<testsuite skipped="0" hostname="DESKTOP-J7MD36G" name="TestCases.RESTAPITest" tests="2" failures="0" timestamp="2020-08-17T19:06:31 IST" time="0.001" errors="0">
  <testcase name="test5" time="0.000" classname="TestCases.RESTAPITest"/>
  <system-out/>
  <testcase name="Test6" time="0.001" classname="TestCases.RESTAPITest"/>
  <system-out/>
</testsuite> <!-- TestCases.RESTAPITest -->
