<?xml version="1.0" encoding="UTF-8"?>
<!-- Generated by org.testng.reporters.JUnitReportReporter -->
<testsuite skipped="0" hostname="DESKTOP-J7MD36G" name="TestCases.AppiumTest" tests="2" failures="0" timestamp="2020-08-17T19:06:31 IST" time="0.004" errors="0">
  <testcase name="Test4" time="0.000" classname="TestCases.AppiumTest"/>
  <system-out/>
  <testcase name="Test3" time="0.004" classname="TestCases.AppiumTest"/>
  <system-out/>
</testsuite> <!-- TestCases.AppiumTest -->
