<?xml version="1.0" encoding="UTF-8"?>
<!-- Generated by org.testng.reporters.JUnitReportReporter -->
<testsuite skipped="0" hostname="DESKTOP-J7MD36G" name="TestCases.SeliniumTest" tests="1" failures="0" timestamp="2020-08-17T19:06:31 IST" time="0.000" errors="0">
  <testcase name="Test1" time="0.000" classname="TestCases.SeliniumTest"/>
  <system-out/>
</testsuite> <!-- TestCases.SeliniumTest -->
